{ "sysinfo": { "hostname": "pcccpod055-c04.seln.ete.ericsson.se" },
"stats": [
{ "time": 1674788247, "interval": 120, "iteration": 0,
"ports":[

{"name": "vmnic2", "switch": "DvsPortset-0", "id": 2214592541, "mac": "24:6e:96:6c:29:56", "rxmode": 0, "tunemode": 2, "uplink": "true", "ens": "false", "promisc": "false", "sink": "false" ,
  "txpps": 0, "txmbps": 0.0, "txsize": 168, "txeps": 0.00, "rxpps": 1, "rxmbps": 0.0, "rxsize": 70, "rxeps": 0.00,
  "intr": {"count": 1, "used": 0.00},
  "vmnic": {"devname": "vmnic2.ixgben",
    "txpps": 0, "txmbps": 0.0, "txsize": 168, "txeps": 0.00, "rxpps": 1, "rxmbps": 0.0, "rxsize": 70, "rxeps": 0.00 },
  "txqueue": { "count": 12, 
    "uplink_stats": [
    {"pps": 0, "eps": 0, "qstops": 0},
    {"pps": 0, "eps": 0, "qstops": 0},
    {"pps": 0, "eps": 0, "qstops": 0},
    {"pps": 0, "eps": 0, "qstops": 0},
    {"pps": 0, "eps": 0, "qstops": 0},
    {"pps": 0, "eps": 0, "qstops": 0},
    {"pps": 0, "eps": 0, "qstops": 0},
    {"pps": 0, "eps": 0, "qstops": 0},
    {"pps": 0, "eps": 0, "qstops": 0},
    {"pps": 0, "eps": 0, "qstops": 0},
    {"pps": 0, "eps": 0, "qstops": 0},
    {"pps": 0, "eps": 0, "qstops": 0}], 
    "driver_stats": [
    {"pps": 0, "eps": 0, "dps": 0},
    {"pps": 0, "eps": 0, "dps": 0},
    {"pps": 0, "eps": 0, "dps": 0},
    {"pps": 0, "eps": 0, "dps": 0},
    {"pps": 0, "eps": 0, "dps": 0},
    {"pps": 0, "eps": 0, "dps": 0},
    {"pps": 0, "eps": 0, "dps": 0},
    {"pps": 0, "eps": 0, "dps": 0},
    {"pps": 0, "eps": 0, "dps": 0},
    {"pps": 0, "eps": 0, "dps": 0},
    {"pps": 0, "eps": 0, "dps": 0},
    {"pps": 0, "eps": 0, "dps": 0}],
    "active": 0 },
  "rxqueue": { "count": 9, "details": [
    [67108903, 67108898, 67108896, 67108894, 67108904 ],
    [],
    [],
    [],
    [],
    [],
    [],
    [],
    []],
    "features": [["0x0"], ["0x0"], ["0x0"], ["0x0"], ["0x0"], ["0x0"], ["0x0"], ["0x0"], ["0x0"]],
    "txqids": [0, -1, -1, -1, -1, -1, -1, -1, -1],
    "active": 1, "filters": 0, "ports": 5, "movedfilters": 0, 
    "driver_stats": [
    {"pps": 0, "eps": 0, "dps": 0},
    {"pps": 0, "eps": 0, "dps": 0},
    {"pps": 0, "eps": 0, "dps": 0},
    {"pps": 0, "eps": 0, "dps": 0},
    {"pps": 0, "eps": 0, "dps": 0},
    {"pps": 0, "eps": 0, "dps": 0},
    {"pps": 0, "eps": 0, "dps": 0},
    {"pps": 0, "eps": 0, "dps": 0},
    {"pps": 0, "eps": 0, "dps": 0}] },
  "sys": [ "2098483", "2098484", "2098485", "2098486", "2098487", "2098488", "2098489", "2098490", "2098491", "2098492", "2098493", "2098494", "2099126", "2099127" ]},

{"name": "vmnic3", "switch": "DvsPortset-0", "id": 2214592543, "mac": "24:6e:96:6c:29:57", "rxmode": 0, "tunemode": 2, "uplink": "true", "ens": "false", "promisc": "false", "sink": "false" ,
  "txpps": 651, "txmbps": 30.3, "txsize": 5818, "txeps": 0.00, "rxpps": 917, "rxmbps": 17.7, "rxsize": 2418, "rxeps": 0.00,
  "intr": {"count": 1069, "used": 0.06},
  "vmnic": {"devname": "vmnic3.ixgben",
    "txpps": 651, "txmbps": 30.3, "txsize": 5818, "txeps": 0.00, "rxpps": 917, "rxmbps": 17.7, "rxsize": 2418, "rxeps": 0.00 },
  "txqueue": { "count": 12, 
    "uplink_stats": [
    {"pps": 651, "eps": 0, "qstops": 0},
    {"pps": 0, "eps": 0, "qstops": 0},
    {"pps": 0, "eps": 0, "qstops": 0},
    {"pps": 0, "eps": 0, "qstops": 0},
    {"pps": 0, "eps": 0, "qstops": 0},
    {"pps": 0, "eps": 0, "qstops": 0},
    {"pps": 0, "eps": 0, "qstops": 0},
    {"pps": 0, "eps": 0, "qstops": 0},
    {"pps": 0, "eps": 0, "qstops": 0},
    {"pps": 0, "eps": 0, "qstops": 0},
    {"pps": 0, "eps": 0, "qstops": 0},
    {"pps": 0, "eps": 0, "qstops": 0}], 
    "driver_stats": [
    {"pps": 0, "eps": 0, "dps": 0},
    {"pps": 0, "eps": 0, "dps": 0},
    {"pps": 0, "eps": 0, "dps": 0},
    {"pps": 0, "eps": 0, "dps": 0},
    {"pps": 0, "eps": 0, "dps": 0},
    {"pps": 0, "eps": 0, "dps": 0},
    {"pps": 0, "eps": 0, "dps": 0},
    {"pps": 0, "eps": 0, "dps": 0},
    {"pps": 0, "eps": 0, "dps": 0},
    {"pps": 0, "eps": 0, "dps": 0},
    {"pps": 0, "eps": 0, "dps": 0},
    {"pps": 0, "eps": 0, "dps": 0}],
    "active": 1 },
  "rxqueue": { "count": 9, "details": [
    [67108896, 67108894, 67108904, 67108903 ],
    [ ],
    [],
    [],
    [],
    [],
    [],
    [],
    []],
    "features": [["0x0"], ["0x401", "LRO", "RSS"], ["0x0"], ["0x0"], ["0x0"], ["0x0"], ["0x0"], ["0x0"], ["0x0"]],
    "txqids": [0, 8, -1, -1, -1, -1, -1, -1, -1],
    "active": 2, "filters": 1, "ports": 5, "movedfilters": 0, 
    "driver_stats": [
    {"pps": 0, "eps": 0, "dps": 0},
    {"pps": 0, "eps": 0, "dps": 0},
    {"pps": 0, "eps": 0, "dps": 0},
    {"pps": 0, "eps": 0, "dps": 0},
    {"pps": 0, "eps": 0, "dps": 0},
    {"pps": 0, "eps": 0, "dps": 0},
    {"pps": 0, "eps": 0, "dps": 0},
    {"pps": 0, "eps": 0, "dps": 0},
    {"pps": 0, "eps": 0, "dps": 0}] },
  "sys": [ "2098497", "2098498", "2098499", "2098500", "2098501", "2098502", "2098503", "2098504", "2098505", "2098506", "2098507", "2098508", "2099111", "2099112" ]},

{"name": "vmk1", "switch": "DvsPortset-0", "id": 67108898, "mac": "00:50:56:65:d9:7b", "rxmode": 0, "tunemode": 0, "uplink": "false", "ens": "false", "promisc": "false", "sink": "false" ,
  "txpps": 651, "txmbps": 30.3, "txsize": 5819, "txeps": 0.00, "rxpps": 682, "rxmbps": 17.6, "rxsize": 3227, "rxeps": 0.00,
  "ipv4": { "txpps": 699, "txeps": 0, "txfrags": 0, "rxpps": 711, "rxdeliv": 711, "rxeps": 0, "rxreass": 0 },
  "ipv6": { "txpps": 0, "txeps": 0, "txfrags": 0, "rxpps": 0, "rxdeliv": 0, "rxeps": 0, "rxreass": 0 },
  "tcptx": { "pps": 676, "datapct": 69.3, "mbps": 30.1, "size": 5568, "delackpct": 5.1, "rexmit": 0.0, "sackrexmit": 0.0, "winprb": 0.0, "winupd": 45.4 },
  "tcprx": { "pps": 706, "datapct": 67.2, "mbps": 17.4, "size": 3071, "dups": 0.2, "oo": 0.0, "dupacks": 0.5, "winprb": 0.0, "winupd": 69.7, "othereps": 0.0},
  "udp": {"txpps": 23, "rxpps": 4, "rxsockeps": 0.0, "rxothereps": 0.0},
  "sys": [ "2099022", "2099023", "2099024", "2099025", "2099026", "2099028", "2099029", "2099030", "2099031", "2099032", "2099034", "2099035", "2099036", "2099037", "2099038", "2099040", "2099041", "2099042", "2099043", "2099044", "2099046", "2099047", "2099048", "2099049", "2099050" ]},

{"name": "vmk2", "switch": "DvsPortset-0", "id": 67108903, "mac": "00:50:56:61:c8:72", "rxmode": 0, "tunemode": 0, "uplink": "false", "ens": "false", "promisc": "false", "sink": "false" ,
  "txpps": 0, "txmbps": 0.0, "txsize": 0, "txeps": 0.00, "rxpps": 0, "rxmbps": 0.0, "rxsize": 60, "rxeps": 0.00,
  "sys": [ "2099052", "2099053", "2099054", "2099055", "2099056" ]},

{"name": "vmk3", "switch": "DvsPortset-0", "id": 67108904, "mac": "00:50:56:64:ef:11", "rxmode": 0, "tunemode": 0, "uplink": "false", "ens": "false", "promisc": "false", "sink": "false" ,
  "txpps": 0, "txmbps": 0.0, "txsize": 0, "txeps": 0.00, "rxpps": 0, "rxmbps": 0.0, "rxsize": 60, "rxeps": 0.00,
  "sys": [ "2099058", "2099059", "2099060", "2099061", "2099062" ]},

{"name": "vmnic6", "switch": "DvsPortset-1", "id": 2248146965, "mac": "3c:fd:fe:b6:18:90", "rxmode": 0, "tunemode": 2, "uplink": "true", "ens": "true", "promisc": "false", "sink": "false" ,
  "txpps": 0, "txmbps": 0.0, "txsize": 146, "txeps": 0.00, "rxpps": 8, "rxmbps": 0.0, "rxsize": 58, "rxeps": 0.00,
  "intr": {"count": 0, "used": 0.00},
  "vmnic": {"devname": "vmnic6.i40en",
    "txpps": 0, "txmbps": 0.0, "txsize": 0, "txeps": 0.00, "rxpps": 0, "rxmbps": 0.0, "rxsize": 0, "rxeps": 0.00 },
  "txqueue": { "count": 1, 
    "uplink_stats": [
    {"pps": 0, "eps": 0, "qstops": 0}],
    "active": 0 },
  "rxqueue": { "count": 64, "details": [
    [],
    [100663331, 100663332, 100663333, 100663334, 100663337],
    [],
    [],
    [],
    [],
    [],
    [],
    [],
    [],
    [],
    [],
    [],
    [],
    [],
    [],
    [],
    [],
    [],
    [],
    [],
    [],
    [],
    [],
    [],
    [],
    [],
    [],
    [],
    [],
    [],
    [],
    [],
    [],
    [],
    [],
    [],
    [],
    [],
    [],
    [],
    [],
    [],
    [],
    [],
    [],
    [],
    [],
    [],
    [],
    [],
    [],
    [],
    [],
    [],
    [],
    [],
    [],
    [],
    [],
    [],
    [],
    [],
    []],
    "features": [["0x0"]],
    "txqids": [0],
    "active": 1, "filters": 5, "ports": 5, "movedfilters": 0 },
  "sys": [ "120243068", "2103548", "2103550", "2103551", "2103557", "120242688", "120242687", "2103565", "2103564" ],
  "lcore": [{"in": ["0", "0", "1", "2", "3", "7", "9", "6"],
             "out": ["0", "1", "2", "3", "9", "8", "6", "7"]}]},

{"name": "vmnic7", "switch": "DvsPortset-1", "id": 2248146967, "mac": "3c:fd:fe:b6:18:91", "rxmode": 0, "tunemode": 2, "uplink": "true", "ens": "true", "promisc": "false", "sink": "false" ,
  "txpps": 0, "txmbps": 0.0, "txsize": 146, "txeps": 0.00, "rxpps": 8, "rxmbps": 0.0, "rxsize": 58, "rxeps": 0.00,
  "intr": {"count": 0, "used": 0.00},
  "vmnic": {"devname": "vmnic7.i40en",
    "txpps": 0, "txmbps": 0.0, "txsize": 0, "txeps": 0.00, "rxpps": 0, "rxmbps": 0.0, "rxsize": 0, "rxeps": 0.00 },
  "txqueue": { "count": 1, 
    "uplink_stats": [
    {"pps": 0, "eps": 0, "qstops": 0}],
    "active": 0 },
  "rxqueue": { "count": 64, "details": [
    [],
    [],
    [],
    [100663331, 100663332, 100663333, 100663334, 100663337],
    [],
    [],
    [],
    [],
    [],
    [],
    [],
    [],
    [],
    [],
    [],
    [],
    [],
    [],
    [],
    [],
    [],
    [],
    [],
    [],
    [],
    [],
    [],
    [],
    [],
    [],
    [],
    [],
    [],
    [],
    [],
    [],
    [],
    [],
    [],
    [],
    [],
    [],
    [],
    [],
    [],
    [],
    [],
    [],
    [],
    [],
    [],
    [],
    [],
    [],
    [],
    [],
    [],
    [],
    [],
    [],
    [],
    [],
    [],
    []],
    "features": [["0x0"]],
    "txqids": [0],
    "active": 1, "filters": 5, "ports": 5, "movedfilters": 0 },
  "sys": [ "120242772", "2103548", "2103551", "2103557", "120242688", "2103550", "2103564", "2103565", "120242687" ],
  "lcore": [{"in": ["0", "2", "3", "0", "1", "6", "7", "8"],
             "out": ["0", "2", "3", "9", "1", "6", "7", "8"]}]},

{"name": "vmnic8", "switch": "DvsPortset-1", "id": 2248146969, "mac": "3c:fd:fe:b6:1a:60", "rxmode": 0, "tunemode": 2, "uplink": "true", "ens": "true", "promisc": "false", "sink": "false" ,
  "txpps": 0, "txmbps": 0.0, "txsize": 146, "txeps": 0.00, "rxpps": 8, "rxmbps": 0.0, "rxsize": 58, "rxeps": 0.00,
  "intr": {"count": 0, "used": 0.00},
  "vmnic": {"devname": "vmnic8.i40en",
    "txpps": 0, "txmbps": 0.0, "txsize": 0, "txeps": 0.00, "rxpps": 0, "rxmbps": 0.0, "rxsize": 0, "rxeps": 0.00 },
  "txqueue": { "count": 1, 
    "uplink_stats": [
    {"pps": 0, "eps": 0, "qstops": 0}],
    "active": 0 },
  "rxqueue": { "count": 64, "details": [
    [],
    [100663331, 100663332, 100663333, 100663334, 100663337],
    [],
    [],
    [],
    [],
    [],
    [],
    [],
    [],
    [],
    [],
    [],
    [],
    [],
    [],
    [],
    [],
    [],
    [],
    [],
    [],
    [],
    [],
    [],
    [],
    [],
    [],
    [],
    [],
    [],
    [],
    [],
    [],
    [],
    [],
    [],
    [],
    [],
    [],
    [],
    [],
    [],
    [],
    [],
    [],
    [],
    [],
    [],
    [],
    [],
    [],
    [],
    [],
    [],
    [],
    [],
    [],
    [],
    [],
    [],
    [],
    [],
    []],
    "features": [["0x0"]],
    "txqids": [0],
    "active": 1, "filters": 5, "ports": 5, "movedfilters": 0 },
  "sys": [ "120242744", "2103548", "2103550", "2103551", "2103557", "2103564", "2103565", "120242687", "120242688" ],
  "lcore": [{"in": ["0", "0", "1", "2", "3", "6", "7", "8"],
             "out": ["0", "1", "2", "3", "6", "7", "8", "9"]}]},

{"name": "vmnic9", "switch": "DvsPortset-1", "id": 2248146971, "mac": "3c:fd:fe:b6:1a:61", "rxmode": 0, "tunemode": 2, "uplink": "true", "ens": "true", "promisc": "false", "sink": "false" ,
  "txpps": 0, "txmbps": 0.0, "txsize": 146, "txeps": 0.00, "rxpps": 8, "rxmbps": 0.0, "rxsize": 58, "rxeps": 0.00,
  "intr": {"count": 0, "used": 0.00},
  "vmnic": {"devname": "vmnic9.i40en",
    "txpps": 0, "txmbps": 0.0, "txsize": 0, "txeps": 0.00, "rxpps": 0, "rxmbps": 0.0, "rxsize": 0, "rxeps": 0.00 },
  "txqueue": { "count": 1, 
    "uplink_stats": [
    {"pps": 0, "eps": 0, "qstops": 0}],
    "active": 0 },
  "rxqueue": { "count": 64, "details": [
    [],
    [100663331, 100663332, 100663333, 100663334, 100663337],
    [],
    [],
    [],
    [],
    [],
    [],
    [],
    [],
    [],
    [],
    [],
    [],
    [],
    [],
    [],
    [],
    [],
    [],
    [],
    [],
    [],
    [],
    [],
    [],
    [],
    [],
    [],
    [],
    [],
    [],
    [],
    [],
    [],
    [],
    [],
    [],
    [],
    [],
    [],
    [],
    [],
    [],
    [],
    [],
    [],
    [],
    [],
    [],
    [],
    [],
    [],
    [],
    [],
    [],
    [],
    [],
    [],
    [],
    [],
    [],
    [],
    []],
    "features": [["0x0"]],
    "txqids": [0],
    "active": 1, "filters": 5, "ports": 5, "movedfilters": 0 },
  "sys": [ "120242714", "2103548", "2103550", "2103551", "2103557", "120242688", "120242687", "2103565", "2103564" ],
  "lcore": [{"in": ["0", "0", "1", "2", "3", "7", "9", "6"],
             "out": ["0", "1", "2", "3", "9", "8", "6", "7"]}]},

{"name": "vmk10", "switch": "DvsPortset-1", "id": 100663331, "mac": "00:50:56:68:5b:40", "rxmode": 0, "tunemode": 0, "uplink": "false", "ens": "true", "promisc": "false", "sink": "false" ,
  "txpps": 0, "txmbps": 0.0, "txsize": 90, "txeps": 0.00, "rxpps": 0, "rxmbps": 0.0, "rxsize": 60, "rxeps": 0.00,
  "sys": [ "2099028", "2099029", "2099030", "2099031", "2099032", "2103548" ],
  "lcore": [{"in": ["0"],
             "out": ["0"]}]},

{"name": "vmk11", "switch": "DvsPortset-1", "id": 100663332, "mac": "00:50:56:6d:0e:4f", "rxmode": 0, "tunemode": 0, "uplink": "false", "ens": "true", "promisc": "false", "sink": "false" ,
  "txpps": 0, "txmbps": 0.0, "txsize": 90, "txeps": 0.00, "rxpps": 0, "rxmbps": 0.0, "rxsize": 60, "rxeps": 0.00,
  "sys": [ "2099034", "2099035", "2099036", "2099037", "2099038", "2103548" ],
  "lcore": [{"in": ["0"],
             "out": ["0"]}]},

{"name": "vmk12", "switch": "DvsPortset-1", "id": 100663333, "mac": "00:50:56:65:e8:4e", "rxmode": 0, "tunemode": 0, "uplink": "false", "ens": "true", "promisc": "false", "sink": "false" ,
  "txpps": 0, "txmbps": 0.0, "txsize": 90, "txeps": 0.00, "rxpps": 0, "rxmbps": 0.0, "rxsize": 60, "rxeps": 0.00,
  "sys": [ "2099040", "2099041", "2099042", "2099043", "2099044", "2103548" ],
  "lcore": [{"in": ["0"],
             "out": ["0"]}]},

{"name": "vmk13", "switch": "DvsPortset-1", "id": 100663334, "mac": "00:50:56:64:6d:ce", "rxmode": 0, "tunemode": 0, "uplink": "false", "ens": "true", "promisc": "false", "sink": "false" ,
  "txpps": 0, "txmbps": 0.0, "txsize": 90, "txeps": 0.00, "rxpps": 0, "rxmbps": 0.0, "rxsize": 60, "rxeps": 0.00,
  "sys": [ "2099046", "2099047", "2099048", "2099049", "2099050", "2103548" ],
  "lcore": [{"in": ["0"],
             "out": ["0"]}]},

{"name": "vmk50", "switch": "DvsPortset-1", "id": 100663337, "mac": "00:50:56:63:1d:44", "rxmode": 0, "tunemode": 0, "uplink": "false", "ens": "true", "promisc": "false", "sink": "false" ,
  "txpps": 0, "txmbps": 0.0, "txsize": 0, "txeps": 0.00, "rxpps": 0, "rxmbps": 0.0, "rxsize": 0, "rxeps": 0.00,
  "sys": [ "2099064", "2099065", "2099066", "2099067", "2099068", "2103548" ],
  "lcore": [{"in": ["0"],
             "out": ["0"]}]},

{"name": "vdr-vdrPort", "switch": "DvsPortset-1", "id": 100663338, "mac": "02:50:56:56:44:52", "rxmode": 0, "tunemode": 2, "uplink": "false", "ens": "false", "promisc": "false", "sink": "false" ,
  "txpps": 0, "txmbps": 0.0, "txsize": 0, "txeps": 0.00, "rxpps": 0, "rxmbps": 0.0, "rxsize": 0, "rxeps": 0.00},

{"name": "vmnic0", "switch": "vSwitch0", "id": 2281701395, "mac": "24:6e:96:6c:29:54", "rxmode": 0, "tunemode": 2, "uplink": "true", "ens": "false", "promisc": "false", "sink": "false" ,
  "txpps": 26, "txmbps": 0.1, "txsize": 325, "txeps": 0.00, "rxpps": 7, "rxmbps": 0.0, "rxsize": 161, "rxeps": 0.00,
  "intr": {"count": 30, "used": 0.00},
  "vmnic": {"devname": "vmnic0.ixgben",
    "txpps": 26, "txmbps": 0.1, "txsize": 325, "txeps": 0.00, "rxpps": 7, "rxmbps": 0.0, "rxsize": 161, "rxeps": 0.00 },
  "txqueue": { "count": 12, 
    "uplink_stats": [
    {"pps": 25, "eps": 0, "qstops": 0},
    {"pps": 0, "eps": 0, "qstops": 0},
    {"pps": 0, "eps": 0, "qstops": 0},
    {"pps": 0, "eps": 0, "qstops": 0},
    {"pps": 0, "eps": 0, "qstops": 0},
    {"pps": 0, "eps": 0, "qstops": 0},
    {"pps": 0, "eps": 0, "qstops": 0},
    {"pps": 0, "eps": 0, "qstops": 0},
    {"pps": 0, "eps": 0, "qstops": 0},
    {"pps": 0, "eps": 0, "qstops": 0},
    {"pps": 0, "eps": 0, "qstops": 0},
    {"pps": 0, "eps": 0, "qstops": 0}], 
    "driver_stats": [
    {"pps": 0, "eps": 0, "dps": 0},
    {"pps": 0, "eps": 0, "dps": 0},
    {"pps": 0, "eps": 0, "dps": 0},
    {"pps": 0, "eps": 0, "dps": 0},
    {"pps": 0, "eps": 0, "dps": 0},
    {"pps": 0, "eps": 0, "dps": 0},
    {"pps": 0, "eps": 0, "dps": 0},
    {"pps": 0, "eps": 0, "dps": 0},
    {"pps": 0, "eps": 0, "dps": 0},
    {"pps": 0, "eps": 0, "dps": 0},
    {"pps": 0, "eps": 0, "dps": 0},
    {"pps": 0, "eps": 0, "dps": 0}],
    "active": 0 },
  "rxqueue": { "count": 9, "details": [
    [134217748, 134217761 ],
    [],
    [],
    [],
    [],
    [],
    [],
    [],
    []],
    "features": [["0x0"], ["0x0"], ["0x0"], ["0x0"], ["0x0"], ["0x0"], ["0x0"], ["0x0"], ["0x0"]],
    "txqids": [0, -1, -1, -1, -1, -1, -1, -1, -1],
    "active": 1, "filters": 0, "ports": 2, "movedfilters": 0, 
    "driver_stats": [
    {"pps": 0, "eps": 0, "dps": 0},
    {"pps": 0, "eps": 0, "dps": 0},
    {"pps": 0, "eps": 0, "dps": 0},
    {"pps": 0, "eps": 0, "dps": 0},
    {"pps": 0, "eps": 0, "dps": 0},
    {"pps": 0, "eps": 0, "dps": 0},
    {"pps": 0, "eps": 0, "dps": 0},
    {"pps": 0, "eps": 0, "dps": 0},
    {"pps": 0, "eps": 0, "dps": 0}] },
  "sys": [ "2098455", "2098456", "2098457", "2098458", "2098459", "2098460", "2098461", "2098462", "2098463", "2098464", "2098465", "2098466", "2098998", "2098997", "2098999", "2099000", "2099001", "2099002", "2099003", "2099004", "2099005", "2099006", "2099007", "2099008" ]},

{"name": "vmk0", "switch": "vSwitch0", "id": 134217761, "mac": "24:6e:96:6c:29:54", "rxmode": 0, "tunemode": 0, "uplink": "false", "ens": "false", "promisc": "false", "sink": "false" ,
  "txpps": 26, "txmbps": 0.1, "txsize": 325, "txeps": 0.00, "rxpps": 6, "rxmbps": 0.0, "rxsize": 160, "rxeps": 0.00,
  "sys": [ "2099016", "2099017", "2099018", "2099019", "2099020" ]}
],
"storage": {
   },
"vcpus": {
  "124372859": {"id": 124372859, "used": 0.01, "ready": 0.00, "cstp": 0.00, "name": "net-stats",
     "sys": 0.00, "sysoverlap": 0.00, "limited": 0.00, "vmkcall": 0.00, "actnot": 0.00, "migtot": 0, "miginterl3": 0 } },
"sys": {
  "2098455": {"id": 2098455, "used": 0.01, "ready": 0.00, "cstp": 0.00, "name": "vmnic0-pollWorldRxTx[00]-0x430053f040c0",
     "sys": 0.00, "sysoverlap": 0.01, "limited": 0.00, "vmkcall": 0.00, "actnot": 0.00, "migtot": 0, "miginterl3": 0,
     "latencySensitivity": -6, "exclaff": -1, "relations": [], "vectors": [314] },
  "2098456": {"id": 2098456, "used": 0.00, "ready": 0.00, "cstp": 0.00, "name": "vmnic0-pollWorldRxTx[01]-0x430053f04bc0",
     "sys": 0.00, "sysoverlap": 0.00, "limited": 0.00, "vmkcall": 0.00, "actnot": 0.00, "migtot": 0, "miginterl3": 0,
     "latencySensitivity": -6, "exclaff": -1, "relations": [], "vectors": [315] },
  "2098457": {"id": 2098457, "used": 0.00, "ready": 0.00, "cstp": 0.00, "name": "vmnic0-pollWorldRxTx[02]-0x430053f056c0",
     "sys": 0.00, "sysoverlap": 0.00, "limited": 0.00, "vmkcall": 0.00, "actnot": 0.00, "migtot": 0, "miginterl3": 0,
     "latencySensitivity": -6, "exclaff": -1, "relations": [], "vectors": [316] },
  "2098458": {"id": 2098458, "used": 0.00, "ready": 0.00, "cstp": 0.00, "name": "vmnic0-pollWorldRxTx[03]-0x430053f061c0",
     "sys": 0.00, "sysoverlap": 0.00, "limited": 0.00, "vmkcall": 0.00, "actnot": 0.00, "migtot": 0, "miginterl3": 0,
     "latencySensitivity": -6, "exclaff": -1, "relations": [], "vectors": [317] },
  "2098459": {"id": 2098459, "used": 0.00, "ready": 0.00, "cstp": 0.00, "name": "vmnic0-pollWorldRxTx[04]-0x430053f06cc0",
     "sys": 0.00, "sysoverlap": 0.00, "limited": 0.00, "vmkcall": 0.00, "actnot": 0.00, "migtot": 0, "miginterl3": 0,
     "latencySensitivity": -6, "exclaff": -1, "relations": [], "vectors": [318] },
  "2098460": {"id": 2098460, "used": 0.00, "ready": 0.00, "cstp": 0.00, "name": "vmnic0-pollWorldRxTx[05]-0x430053f077c0",
     "sys": 0.00, "sysoverlap": 0.00, "limited": 0.00, "vmkcall": 0.00, "actnot": 0.00, "migtot": 0, "miginterl3": 0,
     "latencySensitivity": -6, "exclaff": -1, "relations": [], "vectors": [319] },
  "2098461": {"id": 2098461, "used": 0.00, "ready": 0.00, "cstp": 0.00, "name": "vmnic0-pollWorldRxTx[06]-0x430053f082c0",
     "sys": 0.00, "sysoverlap": 0.00, "limited": 0.00, "vmkcall": 0.00, "actnot": 0.00, "migtot": 0, "miginterl3": 0,
     "latencySensitivity": -6, "exclaff": -1, "relations": [], "vectors": [320] },
  "2098462": {"id": 2098462, "used": 0.00, "ready": 0.00, "cstp": 0.00, "name": "vmnic0-pollWorldRxTx[07]-0x430053f08dc0",
     "sys": 0.00, "sysoverlap": 0.00, "limited": 0.00, "vmkcall": 0.00, "actnot": 0.00, "migtot": 0, "miginterl3": 0,
     "latencySensitivity": -6, "exclaff": -1, "relations": [], "vectors": [321] },
  "2098463": {"id": 2098463, "used": 0.00, "ready": 0.00, "cstp": 0.00, "name": "vmnic0-pollWorldRxTx[08]-0x430053f098c0",
     "sys": 0.00, "sysoverlap": 0.00, "limited": 0.00, "vmkcall": 0.00, "actnot": 0.00, "migtot": 0, "miginterl3": 0,
     "latencySensitivity": -6, "exclaff": -1, "relations": [], "vectors": [322] },
  "2098464": {"id": 2098464, "used": 0.00, "ready": 0.00, "cstp": 0.00, "name": "vmnic0-pollWorldRxTx[09]-0x430053f0a3c0",
     "sys": 0.00, "sysoverlap": 0.00, "limited": 0.00, "vmkcall": 0.00, "actnot": 0.00, "migtot": 0, "miginterl3": 0,
     "latencySensitivity": -6, "exclaff": -1, "relations": [], "vectors": [323] },
  "2098465": {"id": 2098465, "used": 0.00, "ready": 0.00, "cstp": 0.00, "name": "vmnic0-pollWorldRxTx[10]-0x430053f0aec0",
     "sys": 0.00, "sysoverlap": 0.00, "limited": 0.00, "vmkcall": 0.00, "actnot": 0.00, "migtot": 0, "miginterl3": 0,
     "latencySensitivity": -6, "exclaff": -1, "relations": [], "vectors": [324] },
  "2098466": {"id": 2098466, "used": 0.00, "ready": 0.00, "cstp": 0.00, "name": "vmnic0-pollWorldRxTx[11]-0x430053f0b9c0",
     "sys": 0.00, "sysoverlap": 0.00, "limited": 0.00, "vmkcall": 0.00, "actnot": 0.00, "migtot": 0, "miginterl3": 0,
     "latencySensitivity": -6, "exclaff": -1, "relations": [], "vectors": [325] },
  "2098483": {"id": 2098483, "used": 0.00, "ready": 0.00, "cstp": 0.00, "name": "vmnic2-pollWorldRxTx[00]-0x430053f148c0",
     "sys": 0.00, "sysoverlap": 0.00, "limited": 0.00, "vmkcall": 0.00, "actnot": 0.00, "migtot": 0, "miginterl3": 0,
     "latencySensitivity": -6, "exclaff": -1, "relations": [], "vectors": [340] },
  "2098484": {"id": 2098484, "used": 0.00, "ready": 0.00, "cstp": 0.00, "name": "vmnic2-pollWorldRxTx[01]-0x430053f153c0",
     "sys": 0.00, "sysoverlap": 0.00, "limited": 0.00, "vmkcall": 0.00, "actnot": 0.00, "migtot": 0, "miginterl3": 0,
     "latencySensitivity": -6, "exclaff": -1, "relations": [], "vectors": [341] },
  "2098485": {"id": 2098485, "used": 0.00, "ready": 0.00, "cstp": 0.00, "name": "vmnic2-pollWorldRxTx[02]-0x430053f15ec0",
     "sys": 0.00, "sysoverlap": 0.00, "limited": 0.00, "vmkcall": 0.00, "actnot": 0.00, "migtot": 0, "miginterl3": 0,
     "latencySensitivity": -6, "exclaff": -1, "relations": [], "vectors": [342] },
  "2098486": {"id": 2098486, "used": 0.00, "ready": 0.00, "cstp": 0.00, "name": "vmnic2-pollWorldRxTx[03]-0x430053f169c0",
     "sys": 0.00, "sysoverlap": 0.00, "limited": 0.00, "vmkcall": 0.00, "actnot": 0.00, "migtot": 0, "miginterl3": 0,
     "latencySensitivity": -6, "exclaff": -1, "relations": [], "vectors": [343] },
  "2098487": {"id": 2098487, "used": 0.00, "ready": 0.00, "cstp": 0.00, "name": "vmnic2-pollWorldRxTx[04]-0x430053f174c0",
     "sys": 0.00, "sysoverlap": 0.00, "limited": 0.00, "vmkcall": 0.00, "actnot": 0.00, "migtot": 0, "miginterl3": 0,
     "latencySensitivity": -6, "exclaff": -1, "relations": [], "vectors": [344] },
  "2098488": {"id": 2098488, "used": 0.00, "ready": 0.00, "cstp": 0.00, "name": "vmnic2-pollWorldRxTx[05]-0x430053f17fc0",
     "sys": 0.00, "sysoverlap": 0.00, "limited": 0.00, "vmkcall": 0.00, "actnot": 0.00, "migtot": 0, "miginterl3": 0,
     "latencySensitivity": -6, "exclaff": -1, "relations": [], "vectors": [345] },
  "2098489": {"id": 2098489, "used": 0.00, "ready": 0.00, "cstp": 0.00, "name": "vmnic2-pollWorldRxTx[06]-0x430053f18ac0",
     "sys": 0.00, "sysoverlap": 0.00, "limited": 0.00, "vmkcall": 0.00, "actnot": 0.00, "migtot": 0, "miginterl3": 0,
     "latencySensitivity": -6, "exclaff": -1, "relations": [], "vectors": [346] },
  "2098490": {"id": 2098490, "used": 0.00, "ready": 0.00, "cstp": 0.00, "name": "vmnic2-pollWorldRxTx[07]-0x430053f195c0",
     "sys": 0.00, "sysoverlap": 0.00, "limited": 0.00, "vmkcall": 0.00, "actnot": 0.00, "migtot": 0, "miginterl3": 0,
     "latencySensitivity": -6, "exclaff": -1, "relations": [], "vectors": [347] },
  "2098491": {"id": 2098491, "used": 0.00, "ready": 0.00, "cstp": 0.00, "name": "vmnic2-pollWorldRxTx[08]-0x430053f1a0c0",
     "sys": 0.00, "sysoverlap": 0.00, "limited": 0.00, "vmkcall": 0.00, "actnot": 0.00, "migtot": 0, "miginterl3": 0,
     "latencySensitivity": -6, "exclaff": -1, "relations": [], "vectors": [348] },
  "2098492": {"id": 2098492, "used": 0.00, "ready": 0.00, "cstp": 0.00, "name": "vmnic2-pollWorldRxTx[09]-0x430053f1abc0",
     "sys": 0.00, "sysoverlap": 0.00, "limited": 0.00, "vmkcall": 0.00, "actnot": 0.00, "migtot": 0, "miginterl3": 0,
     "latencySensitivity": -6, "exclaff": -1, "relations": [], "vectors": [349] },
  "2098493": {"id": 2098493, "used": 0.00, "ready": 0.00, "cstp": 0.00, "name": "vmnic2-pollWorldRxTx[10]-0x430053f1b6c0",
     "sys": 0.00, "sysoverlap": 0.00, "limited": 0.00, "vmkcall": 0.00, "actnot": 0.00, "migtot": 0, "miginterl3": 0,
     "latencySensitivity": -6, "exclaff": -1, "relations": [], "vectors": [350] },
  "2098494": {"id": 2098494, "used": 0.00, "ready": 0.00, "cstp": 0.00, "name": "vmnic2-pollWorldRxTx[11]-0x430053f1c1c0",
     "sys": 0.00, "sysoverlap": 0.00, "limited": 0.00, "vmkcall": 0.00, "actnot": 0.00, "migtot": 0, "miginterl3": 0,
     "latencySensitivity": -6, "exclaff": -1, "relations": [], "vectors": [351] },
  "2098497": {"id": 2098497, "used": 0.15, "ready": 0.04, "cstp": 0.00, "name": "vmnic3-pollWorldRxTx[00]-0x430053f1ccc0",
     "sys": 0.00, "sysoverlap": 0.15, "limited": 0.00, "vmkcall": 0.00, "actnot": 0.00, "migtot": 1, "miginterl3": 0,
     "latencySensitivity": -6, "exclaff": -1, "relations": [], "vectors": [353] },
  "2098498": {"id": 2098498, "used": 0.00, "ready": 0.00, "cstp": 0.00, "name": "vmnic3-pollWorldRxTx[01]-0x430053f1d7c0",
     "sys": 0.00, "sysoverlap": 0.00, "limited": 0.00, "vmkcall": 0.00, "actnot": 0.00, "migtot": 0, "miginterl3": 0,
     "latencySensitivity": -6, "exclaff": -1, "relations": [], "vectors": [354] },
  "2098499": {"id": 2098499, "used": 0.00, "ready": 0.00, "cstp": 0.00, "name": "vmnic3-pollWorldRxTx[02]-0x430053f1e2c0",
     "sys": 0.00, "sysoverlap": 0.00, "limited": 0.00, "vmkcall": 0.00, "actnot": 0.00, "migtot": 0, "miginterl3": 0,
     "latencySensitivity": -6, "exclaff": -1, "relations": [], "vectors": [355] },
  "2098500": {"id": 2098500, "used": 0.00, "ready": 0.00, "cstp": 0.00, "name": "vmnic3-pollWorldRxTx[03]-0x430053f1edc0",
     "sys": 0.00, "sysoverlap": 0.00, "limited": 0.00, "vmkcall": 0.00, "actnot": 0.00, "migtot": 0, "miginterl3": 0,
     "latencySensitivity": -6, "exclaff": -1, "relations": [], "vectors": [356] },
  "2098501": {"id": 2098501, "used": 0.00, "ready": 0.00, "cstp": 0.00, "name": "vmnic3-pollWorldRxTx[04]-0x430053f1f8c0",
     "sys": 0.00, "sysoverlap": 0.00, "limited": 0.00, "vmkcall": 0.00, "actnot": 0.00, "migtot": 0, "miginterl3": 0,
     "latencySensitivity": -6, "exclaff": -1, "relations": [], "vectors": [357] },
  "2098502": {"id": 2098502, "used": 0.00, "ready": 0.00, "cstp": 0.00, "name": "vmnic3-pollWorldRxTx[05]-0x430053f203c0",
     "sys": 0.00, "sysoverlap": 0.00, "limited": 0.00, "vmkcall": 0.00, "actnot": 0.00, "migtot": 0, "miginterl3": 0,
     "latencySensitivity": -6, "exclaff": -1, "relations": [], "vectors": [358] },
  "2098503": {"id": 2098503, "used": 0.00, "ready": 0.00, "cstp": 0.00, "name": "vmnic3-pollWorldRxTx[06]-0x430053f20ec0",
     "sys": 0.00, "sysoverlap": 0.00, "limited": 0.00, "vmkcall": 0.00, "actnot": 0.00, "migtot": 0, "miginterl3": 0,
     "latencySensitivity": -6, "exclaff": -1, "relations": [], "vectors": [359] },
  "2098504": {"id": 2098504, "used": 0.00, "ready": 0.00, "cstp": 0.00, "name": "vmnic3-pollWorldRxTx[07]-0x430053f219c0",
     "sys": 0.00, "sysoverlap": 0.00, "limited": 0.00, "vmkcall": 0.00, "actnot": 0.00, "migtot": 0, "miginterl3": 0,
     "latencySensitivity": -6, "exclaff": -1, "relations": [], "vectors": [360] },
  "2098505": {"id": 2098505, "used": 0.25, "ready": 0.02, "cstp": 0.00, "name": "vmnic3-pollWorldRxTx[08]-0x430053f224c0",
     "sys": 0.00, "sysoverlap": 0.25, "limited": 0.00, "vmkcall": 0.00, "actnot": 0.00, "migtot": 0, "miginterl3": 0,
     "latencySensitivity": -6, "exclaff": -1, "relations": [{"id": 2099022, "rate": 4294967295}], "vectors": [361] },
  "2098506": {"id": 2098506, "used": 0.00, "ready": 0.00, "cstp": 0.00, "name": "vmnic3-pollWorldRxTx[09]-0x430053f22fc0",
     "sys": 0.00, "sysoverlap": 0.00, "limited": 0.00, "vmkcall": 0.00, "actnot": 0.00, "migtot": 0, "miginterl3": 0,
     "latencySensitivity": -6, "exclaff": -1, "relations": [], "vectors": [362] },
  "2098507": {"id": 2098507, "used": 0.04, "ready": 0.00, "cstp": 0.00, "name": "vmnic3-pollWorldRxTx[10]-0x430053f23ac0",
     "sys": 0.00, "sysoverlap": 0.04, "limited": 0.00, "vmkcall": 0.00, "actnot": 0.00, "migtot": 0, "miginterl3": 0,
     "latencySensitivity": -6, "exclaff": -1, "relations": [], "vectors": [363] },
  "2098508": {"id": 2098508, "used": 0.00, "ready": 0.00, "cstp": 0.00, "name": "vmnic3-pollWorldRxTx[11]-0x430053f245c0",
     "sys": 0.00, "sysoverlap": 0.00, "limited": 0.00, "vmkcall": 0.00, "actnot": 0.00, "migtot": 0, "miginterl3": 0,
     "latencySensitivity": -6, "exclaff": -1, "relations": [], "vectors": [364] },
  "2098998": {"id": 2098998, "used": 0.00, "ready": 0.00, "cstp": 0.00, "name": "vmnic0-1-tx",
     "sys": 0.00, "sysoverlap": 0.00, "limited": 0.00, "vmkcall": 0.00, "actnot": 0.00, "migtot": 0, "miginterl3": 0,
     "latencySensitivity": -6, "exclaff": -1, "relations": [], "vectors": [] },
  "2098997": {"id": 2098997, "used": 0.00, "ready": 0.00, "cstp": 0.00, "name": "vmnic0-0-tx",
     "sys": 0.00, "sysoverlap": 0.00, "limited": 0.00, "vmkcall": 0.00, "actnot": 0.00, "migtot": 0, "miginterl3": 0,
     "latencySensitivity": -6, "exclaff": -1, "relations": [], "vectors": [] },
  "2098999": {"id": 2098999, "used": 0.00, "ready": 0.00, "cstp": 0.00, "name": "vmnic0-2-tx",
     "sys": 0.00, "sysoverlap": 0.00, "limited": 0.00, "vmkcall": 0.00, "actnot": 0.00, "migtot": 0, "miginterl3": 0,
     "latencySensitivity": -6, "exclaff": -1, "relations": [], "vectors": [] },
  "2099000": {"id": 2099000, "used": 0.00, "ready": 0.00, "cstp": 0.00, "name": "vmnic0-3-tx",
     "sys": 0.00, "sysoverlap": 0.00, "limited": 0.00, "vmkcall": 0.00, "actnot": 0.00, "migtot": 0, "miginterl3": 0,
     "latencySensitivity": -6, "exclaff": -1, "relations": [], "vectors": [] },
  "2099001": {"id": 2099001, "used": 0.00, "ready": 0.00, "cstp": 0.00, "name": "vmnic0-4-tx",
     "sys": 0.00, "sysoverlap": 0.00, "limited": 0.00, "vmkcall": 0.00, "actnot": 0.00, "migtot": 0, "miginterl3": 0,
     "latencySensitivity": -6, "exclaff": -1, "relations": [], "vectors": [] },
  "2099002": {"id": 2099002, "used": 0.00, "ready": 0.00, "cstp": 0.00, "name": "vmnic0-5-tx",
     "sys": 0.00, "sysoverlap": 0.00, "limited": 0.00, "vmkcall": 0.00, "actnot": 0.00, "migtot": 0, "miginterl3": 0,
     "latencySensitivity": -6, "exclaff": -1, "relations": [], "vectors": [] },
  "2099003": {"id": 2099003, "used": 0.00, "ready": 0.00, "cstp": 0.00, "name": "vmnic0-6-tx",
     "sys": 0.00, "sysoverlap": 0.00, "limited": 0.00, "vmkcall": 0.00, "actnot": 0.00, "migtot": 0, "miginterl3": 0,
     "latencySensitivity": -6, "exclaff": -1, "relations": [], "vectors": [] },
  "2099004": {"id": 2099004, "used": 0.00, "ready": 0.00, "cstp": 0.00, "name": "vmnic0-7-tx",
     "sys": 0.00, "sysoverlap": 0.00, "limited": 0.00, "vmkcall": 0.00, "actnot": 0.00, "migtot": 0, "miginterl3": 0,
     "latencySensitivity": -6, "exclaff": -1, "relations": [], "vectors": [] },
  "2099005": {"id": 2099005, "used": 0.00, "ready": 0.00, "cstp": 0.00, "name": "vmnic0-8-tx",
     "sys": 0.00, "sysoverlap": 0.00, "limited": 0.00, "vmkcall": 0.00, "actnot": 0.00, "migtot": 0, "miginterl3": 0,
     "latencySensitivity": -6, "exclaff": -1, "relations": [], "vectors": [] },
  "2099006": {"id": 2099006, "used": 0.00, "ready": 0.00, "cstp": 0.00, "name": "vmnic0-9-tx",
     "sys": 0.00, "sysoverlap": 0.00, "limited": 0.00, "vmkcall": 0.00, "actnot": 0.00, "migtot": 0, "miginterl3": 0,
     "latencySensitivity": -6, "exclaff": -1, "relations": [], "vectors": [] },
  "2099007": {"id": 2099007, "used": 0.00, "ready": 0.00, "cstp": 0.00, "name": "vmnic0-10-tx",
     "sys": 0.00, "sysoverlap": 0.00, "limited": 0.00, "vmkcall": 0.00, "actnot": 0.00, "migtot": 0, "miginterl3": 0,
     "latencySensitivity": -6, "exclaff": -1, "relations": [], "vectors": [] },
  "2099008": {"id": 2099008, "used": 0.00, "ready": 0.00, "cstp": 0.00, "name": "vmnic0-11-tx",
     "sys": 0.00, "sysoverlap": 0.00, "limited": 0.00, "vmkcall": 0.00, "actnot": 0.00, "migtot": 0, "miginterl3": 0,
     "latencySensitivity": -6, "exclaff": -1, "relations": [], "vectors": [] },
  "2099016": {"id": 2099016, "used": 0.00, "ready": 0.00, "cstp": 0.00, "name": "vmk0-rx-0",
     "sys": 0.00, "sysoverlap": 0.00, "limited": 0.00, "vmkcall": 0.00, "actnot": 0.00, "migtot": 0, "miginterl3": 0,
     "latencySensitivity": -6, "exclaff": -1, "relations": [], "vectors": [] },
  "2099017": {"id": 2099017, "used": 0.00, "ready": 0.00, "cstp": 0.00, "name": "vmk0-rx-1",
     "sys": 0.00, "sysoverlap": 0.00, "limited": 0.00, "vmkcall": 0.00, "actnot": 0.00, "migtot": 0, "miginterl3": 0,
     "latencySensitivity": -6, "exclaff": -1, "relations": [], "vectors": [] },
  "2099018": {"id": 2099018, "used": 0.00, "ready": 0.00, "cstp": 0.00, "name": "vmk0-rx-2",
     "sys": 0.00, "sysoverlap": 0.00, "limited": 0.00, "vmkcall": 0.00, "actnot": 0.00, "migtot": 0, "miginterl3": 0,
     "latencySensitivity": -6, "exclaff": -1, "relations": [], "vectors": [] },
  "2099019": {"id": 2099019, "used": 0.00, "ready": 0.00, "cstp": 0.00, "name": "vmk0-rx-3",
     "sys": 0.00, "sysoverlap": 0.00, "limited": 0.00, "vmkcall": 0.00, "actnot": 0.00, "migtot": 0, "miginterl3": 0,
     "latencySensitivity": -6, "exclaff": -1, "relations": [], "vectors": [] },
  "2099020": {"id": 2099020, "used": 0.01, "ready": 0.00, "cstp": 0.00, "name": "vmk0-tx",
     "sys": 0.00, "sysoverlap": 0.00, "limited": 0.00, "vmkcall": 0.00, "actnot": 0.00, "migtot": 0, "miginterl3": 0,
     "latencySensitivity": -6, "exclaff": -1, "relations": [], "vectors": [] },
  "2099022": {"id": 2099022, "used": 0.04, "ready": 0.01, "cstp": 0.00, "name": "vmk1-rx-0",
     "sys": 0.00, "sysoverlap": 0.04, "limited": 0.00, "vmkcall": 0.00, "actnot": 0.00, "migtot": 0, "miginterl3": 0,
     "latencySensitivity": -6, "exclaff": -1, "relations": [{"id": 2098505, "rate": 4294967295}, {"id": 2099948, "rate": 563}], "vectors": [] },
  "2099023": {"id": 2099023, "used": 0.21, "ready": 0.03, "cstp": 0.00, "name": "vmk1-rx-1",
     "sys": 0.00, "sysoverlap": 0.21, "limited": 0.00, "vmkcall": 0.00, "actnot": 0.00, "migtot": 1, "miginterl3": 0,
     "latencySensitivity": -6, "exclaff": -1, "relations": [], "vectors": [] },
  "2099024": {"id": 2099024, "used": 0.00, "ready": 0.00, "cstp": 0.00, "name": "vmk1-rx-2",
     "sys": 0.00, "sysoverlap": 0.00, "limited": 0.00, "vmkcall": 0.00, "actnot": 0.00, "migtot": 0, "miginterl3": 0,
     "latencySensitivity": -6, "exclaff": -1, "relations": [{"id": 2099361, "rate": 1024}], "vectors": [] },
  "2099025": {"id": 2099025, "used": 0.01, "ready": 0.00, "cstp": 0.00, "name": "vmk1-rx-3",
     "sys": 0.00, "sysoverlap": 0.01, "limited": 0.00, "vmkcall": 0.00, "actnot": 0.00, "migtot": 0, "miginterl3": 0,
     "latencySensitivity": -6, "exclaff": -1, "relations": [], "vectors": [] },
  "2099026": {"id": 2099026, "used": 0.17, "ready": 0.07, "cstp": 0.00, "name": "vmk1-tx",
     "sys": 0.00, "sysoverlap": 0.00, "limited": 0.00, "vmkcall": 0.00, "actnot": 0.00, "migtot": 1, "miginterl3": 0,
     "latencySensitivity": -6, "exclaff": -1, "relations": [{"id": 2098505, "rate": 4294967295}, {"id": 2099948, "rate": 563}], "vectors": [] },
  "2099028": {"id": 2099028, "used": 0.00, "ready": 0.00, "cstp": 0.00, "name": "vmk10-rx-0",
     "sys": 0.00, "sysoverlap": 0.00, "limited": 0.00, "vmkcall": 0.00, "actnot": 0.00, "migtot": 0, "miginterl3": 0,
     "latencySensitivity": -6, "exclaff": -1, "relations": [], "vectors": [] },
  "2099029": {"id": 2099029, "used": 0.00, "ready": 0.00, "cstp": 0.00, "name": "vmk10-rx-1",
     "sys": 0.00, "sysoverlap": 0.00, "limited": 0.00, "vmkcall": 0.00, "actnot": 0.00, "migtot": 0, "miginterl3": 0,
     "latencySensitivity": -6, "exclaff": -1, "relations": [], "vectors": [] },
  "2099030": {"id": 2099030, "used": 0.00, "ready": 0.00, "cstp": 0.00, "name": "vmk10-rx-2",
     "sys": 0.00, "sysoverlap": 0.00, "limited": 0.00, "vmkcall": 0.00, "actnot": 0.00, "migtot": 0, "miginterl3": 0,
     "latencySensitivity": -6, "exclaff": -1, "relations": [], "vectors": [] },
  "2099031": {"id": 2099031, "used": 0.00, "ready": 0.00, "cstp": 0.00, "name": "vmk10-rx-3",
     "sys": 0.00, "sysoverlap": 0.00, "limited": 0.00, "vmkcall": 0.00, "actnot": 0.00, "migtot": 0, "miginterl3": 0,
     "latencySensitivity": -6, "exclaff": -1, "relations": [], "vectors": [] },
  "2099032": {"id": 2099032, "used": 0.00, "ready": 0.00, "cstp": 0.00, "name": "vmk10-tx",
     "sys": 0.00, "sysoverlap": 0.00, "limited": 0.00, "vmkcall": 0.00, "actnot": 0.00, "migtot": 0, "miginterl3": 0,
     "latencySensitivity": -6, "exclaff": -1, "relations": [], "vectors": [] },
  "2099034": {"id": 2099034, "used": 0.00, "ready": 0.00, "cstp": 0.00, "name": "vmk11-rx-0",
     "sys": 0.00, "sysoverlap": 0.00, "limited": 0.00, "vmkcall": 0.00, "actnot": 0.00, "migtot": 0, "miginterl3": 0,
     "latencySensitivity": -6, "exclaff": -1, "relations": [], "vectors": [] },
  "2099035": {"id": 2099035, "used": 0.00, "ready": 0.00, "cstp": 0.00, "name": "vmk11-rx-1",
     "sys": 0.00, "sysoverlap": 0.00, "limited": 0.00, "vmkcall": 0.00, "actnot": 0.00, "migtot": 0, "miginterl3": 0,
     "latencySensitivity": -6, "exclaff": -1, "relations": [], "vectors": [] },
  "2099036": {"id": 2099036, "used": 0.00, "ready": 0.00, "cstp": 0.00, "name": "vmk11-rx-2",
     "sys": 0.00, "sysoverlap": 0.00, "limited": 0.00, "vmkcall": 0.00, "actnot": 0.00, "migtot": 0, "miginterl3": 0,
     "latencySensitivity": -6, "exclaff": -1, "relations": [], "vectors": [] },
  "2099037": {"id": 2099037, "used": 0.00, "ready": 0.00, "cstp": 0.00, "name": "vmk11-rx-3",
     "sys": 0.00, "sysoverlap": 0.00, "limited": 0.00, "vmkcall": 0.00, "actnot": 0.00, "migtot": 0, "miginterl3": 0,
     "latencySensitivity": -6, "exclaff": -1, "relations": [], "vectors": [] },
  "2099038": {"id": 2099038, "used": 0.00, "ready": 0.00, "cstp": 0.00, "name": "vmk11-tx",
     "sys": 0.00, "sysoverlap": 0.00, "limited": 0.00, "vmkcall": 0.00, "actnot": 0.00, "migtot": 0, "miginterl3": 0,
     "latencySensitivity": -6, "exclaff": -1, "relations": [], "vectors": [] },
  "2099040": {"id": 2099040, "used": 0.00, "ready": 0.00, "cstp": 0.00, "name": "vmk12-rx-0",
     "sys": 0.00, "sysoverlap": 0.00, "limited": 0.00, "vmkcall": 0.00, "actnot": 0.00, "migtot": 0, "miginterl3": 0,
     "latencySensitivity": -6, "exclaff": -1, "relations": [], "vectors": [] },
  "2099041": {"id": 2099041, "used": 0.00, "ready": 0.00, "cstp": 0.00, "name": "vmk12-rx-1",
     "sys": 0.00, "sysoverlap": 0.00, "limited": 0.00, "vmkcall": 0.00, "actnot": 0.00, "migtot": 0, "miginterl3": 0,
     "latencySensitivity": -6, "exclaff": -1, "relations": [], "vectors": [] },
  "2099042": {"id": 2099042, "used": 0.00, "ready": 0.00, "cstp": 0.00, "name": "vmk12-rx-2",
     "sys": 0.00, "sysoverlap": 0.00, "limited": 0.00, "vmkcall": 0.00, "actnot": 0.00, "migtot": 0, "miginterl3": 0,
     "latencySensitivity": -6, "exclaff": -1, "relations": [], "vectors": [] },
  "2099043": {"id": 2099043, "used": 0.00, "ready": 0.00, "cstp": 0.00, "name": "vmk12-rx-3",
     "sys": 0.00, "sysoverlap": 0.00, "limited": 0.00, "vmkcall": 0.00, "actnot": 0.00, "migtot": 0, "miginterl3": 0,
     "latencySensitivity": -6, "exclaff": -1, "relations": [], "vectors": [] },
  "2099044": {"id": 2099044, "used": 0.00, "ready": 0.00, "cstp": 0.00, "name": "vmk12-tx",
     "sys": 0.00, "sysoverlap": 0.00, "limited": 0.00, "vmkcall": 0.00, "actnot": 0.00, "migtot": 0, "miginterl3": 0,
     "latencySensitivity": -6, "exclaff": -1, "relations": [], "vectors": [] },
  "2099046": {"id": 2099046, "used": 0.00, "ready": 0.00, "cstp": 0.00, "name": "vmk13-rx-0",
     "sys": 0.00, "sysoverlap": 0.00, "limited": 0.00, "vmkcall": 0.00, "actnot": 0.00, "migtot": 0, "miginterl3": 0,
     "latencySensitivity": -6, "exclaff": -1, "relations": [], "vectors": [] },
  "2099047": {"id": 2099047, "used": 0.00, "ready": 0.00, "cstp": 0.00, "name": "vmk13-rx-1",
     "sys": 0.00, "sysoverlap": 0.00, "limited": 0.00, "vmkcall": 0.00, "actnot": 0.00, "migtot": 0, "miginterl3": 0,
     "latencySensitivity": -6, "exclaff": -1, "relations": [], "vectors": [] },
  "2099048": {"id": 2099048, "used": 0.00, "ready": 0.00, "cstp": 0.00, "name": "vmk13-rx-2",
     "sys": 0.00, "sysoverlap": 0.00, "limited": 0.00, "vmkcall": 0.00, "actnot": 0.00, "migtot": 0, "miginterl3": 0,
     "latencySensitivity": -6, "exclaff": -1, "relations": [], "vectors": [] },
  "2099049": {"id": 2099049, "used": 0.00, "ready": 0.00, "cstp": 0.00, "name": "vmk13-rx-3",
     "sys": 0.00, "sysoverlap": 0.00, "limited": 0.00, "vmkcall": 0.00, "actnot": 0.00, "migtot": 0, "miginterl3": 0,
     "latencySensitivity": -6, "exclaff": -1, "relations": [], "vectors": [] },
  "2099050": {"id": 2099050, "used": 0.00, "ready": 0.00, "cstp": 0.00, "name": "vmk13-tx",
     "sys": 0.00, "sysoverlap": 0.00, "limited": 0.00, "vmkcall": 0.00, "actnot": 0.00, "migtot": 0, "miginterl3": 0,
     "latencySensitivity": -6, "exclaff": -1, "relations": [], "vectors": [] },
  "2099052": {"id": 2099052, "used": 0.00, "ready": 0.00, "cstp": 0.00, "name": "vmk2-rx-0",
     "sys": 0.00, "sysoverlap": 0.00, "limited": 0.00, "vmkcall": 0.00, "actnot": 0.00, "migtot": 0, "miginterl3": 0,
     "latencySensitivity": -6, "exclaff": -1, "relations": [], "vectors": [] },
  "2099053": {"id": 2099053, "used": 0.00, "ready": 0.00, "cstp": 0.00, "name": "vmk2-rx-1",
     "sys": 0.00, "sysoverlap": 0.00, "limited": 0.00, "vmkcall": 0.00, "actnot": 0.00, "migtot": 0, "miginterl3": 0,
     "latencySensitivity": -6, "exclaff": -1, "relations": [], "vectors": [] },
  "2099054": {"id": 2099054, "used": 0.00, "ready": 0.00, "cstp": 0.00, "name": "vmk2-rx-2",
     "sys": 0.00, "sysoverlap": 0.00, "limited": 0.00, "vmkcall": 0.00, "actnot": 0.00, "migtot": 0, "miginterl3": 0,
     "latencySensitivity": -6, "exclaff": -1, "relations": [], "vectors": [] },
  "2099055": {"id": 2099055, "used": 0.00, "ready": 0.00, "cstp": 0.00, "name": "vmk2-rx-3",
     "sys": 0.00, "sysoverlap": 0.00, "limited": 0.00, "vmkcall": 0.00, "actnot": 0.00, "migtot": 0, "miginterl3": 0,
     "latencySensitivity": -6, "exclaff": -1, "relations": [], "vectors": [] },
  "2099056": {"id": 2099056, "used": 0.00, "ready": 0.00, "cstp": 0.00, "name": "vmk2-tx",
     "sys": 0.00, "sysoverlap": 0.00, "limited": 0.00, "vmkcall": 0.00, "actnot": 0.00, "migtot": 0, "miginterl3": 0,
     "latencySensitivity": -6, "exclaff": -1, "relations": [], "vectors": [] },
  "2099058": {"id": 2099058, "used": 0.00, "ready": 0.00, "cstp": 0.00, "name": "vmk3-rx-0",
     "sys": 0.00, "sysoverlap": 0.00, "limited": 0.00, "vmkcall": 0.00, "actnot": 0.00, "migtot": 0, "miginterl3": 0,
     "latencySensitivity": -6, "exclaff": -1, "relations": [], "vectors": [] },
  "2099059": {"id": 2099059, "used": 0.00, "ready": 0.00, "cstp": 0.00, "name": "vmk3-rx-1",
     "sys": 0.00, "sysoverlap": 0.00, "limited": 0.00, "vmkcall": 0.00, "actnot": 0.00, "migtot": 0, "miginterl3": 0,
     "latencySensitivity": -6, "exclaff": -1, "relations": [], "vectors": [] },
  "2099060": {"id": 2099060, "used": 0.00, "ready": 0.00, "cstp": 0.00, "name": "vmk3-rx-2",
     "sys": 0.00, "sysoverlap": 0.00, "limited": 0.00, "vmkcall": 0.00, "actnot": 0.00, "migtot": 0, "miginterl3": 0,
     "latencySensitivity": -6, "exclaff": -1, "relations": [], "vectors": [] },
  "2099061": {"id": 2099061, "used": 0.00, "ready": 0.00, "cstp": 0.00, "name": "vmk3-rx-3",
     "sys": 0.00, "sysoverlap": 0.00, "limited": 0.00, "vmkcall": 0.00, "actnot": 0.00, "migtot": 0, "miginterl3": 0,
     "latencySensitivity": -6, "exclaff": -1, "relations": [], "vectors": [] },
  "2099062": {"id": 2099062, "used": 0.00, "ready": 0.00, "cstp": 0.00, "name": "vmk3-tx",
     "sys": 0.00, "sysoverlap": 0.00, "limited": 0.00, "vmkcall": 0.00, "actnot": 0.00, "migtot": 0, "miginterl3": 0,
     "latencySensitivity": -6, "exclaff": -1, "relations": [], "vectors": [] },
  "2099064": {"id": 2099064, "used": 0.00, "ready": 0.00, "cstp": 0.00, "name": "vmk50-rx-0",
     "sys": 0.00, "sysoverlap": 0.00, "limited": 0.00, "vmkcall": 0.00, "actnot": 0.00, "migtot": 0, "miginterl3": 0,
     "latencySensitivity": -6, "exclaff": -1, "relations": [], "vectors": [] },
  "2099065": {"id": 2099065, "used": 0.00, "ready": 0.00, "cstp": 0.00, "name": "vmk50-rx-1",
     "sys": 0.00, "sysoverlap": 0.00, "limited": 0.00, "vmkcall": 0.00, "actnot": 0.00, "migtot": 0, "miginterl3": 0,
     "latencySensitivity": -6, "exclaff": -1, "relations": [], "vectors": [] },
  "2099066": {"id": 2099066, "used": 0.00, "ready": 0.00, "cstp": 0.00, "name": "vmk50-rx-2",
     "sys": 0.00, "sysoverlap": 0.00, "limited": 0.00, "vmkcall": 0.00, "actnot": 0.00, "migtot": 0, "miginterl3": 0,
     "latencySensitivity": -6, "exclaff": -1, "relations": [], "vectors": [] },
  "2099067": {"id": 2099067, "used": 0.00, "ready": 0.00, "cstp": 0.00, "name": "vmk50-rx-3",
     "sys": 0.00, "sysoverlap": 0.00, "limited": 0.00, "vmkcall": 0.00, "actnot": 0.00, "migtot": 0, "miginterl3": 0,
     "latencySensitivity": -6, "exclaff": -1, "relations": [], "vectors": [] },
  "2099068": {"id": 2099068, "used": 0.00, "ready": 0.00, "cstp": 0.00, "name": "vmk50-tx",
     "sys": 0.00, "sysoverlap": 0.00, "limited": 0.00, "vmkcall": 0.00, "actnot": 0.00, "migtot": 0, "miginterl3": 0,
     "latencySensitivity": -6, "exclaff": -1, "relations": [], "vectors": [] },
  "2099111": {"id": 2099111, "used": 0.12, "ready": 0.07, "cstp": 0.00, "name": "hclk-sched-vmnic3",
     "sys": 0.00, "sysoverlap": 0.01, "limited": 0.00, "vmkcall": 0.00, "actnot": 0.00, "migtot": 2, "miginterl3": 0,
     "latencySensitivity": -6, "exclaff": -1, "relations": [], "vectors": [] },
  "2099112": {"id": 2099112, "used": 0.00, "ready": 0.00, "cstp": 0.00, "name": "hclk-watchdog-vmnic3",
     "sys": 0.00, "sysoverlap": 0.00, "limited": 0.00, "vmkcall": 0.00, "actnot": 0.00, "migtot": 0, "miginterl3": 0,
     "latencySensitivity": 0, "exclaff": -1, "relations": [], "vectors": [] },
  "2099126": {"id": 2099126, "used": 0.00, "ready": 0.00, "cstp": 0.00, "name": "hclk-sched-vmnic2",
     "sys": 0.00, "sysoverlap": 0.00, "limited": 0.00, "vmkcall": 0.00, "actnot": 0.00, "migtot": 0, "miginterl3": 0,
     "latencySensitivity": -6, "exclaff": -1, "relations": [], "vectors": [] },
  "2099127": {"id": 2099127, "used": 0.00, "ready": 0.00, "cstp": 0.00, "name": "hclk-watchdog-vmnic2",
     "sys": 0.00, "sysoverlap": 0.00, "limited": 0.00, "vmkcall": 0.00, "actnot": 0.00, "migtot": 0, "miginterl3": 0,
     "latencySensitivity": 0, "exclaff": -1, "relations": [], "vectors": [] },
  "2103548": {"id": 2103548, "used": 99.99, "ready": 0.00, "cstp": 0.00, "name": "Ens-Lcore-0",
     "sys": 0.00, "sysoverlap": 0.01, "limited": 0.00, "vmkcall": 0.00, "actnot": 0.00, "migtot": 0, "miginterl3": 0,
     "latencySensitivity": 0, "exclaff": 16, "relations": [], "vectors": [],
     "lcoreusage": 0.02, "pps": 33 },
  "2103550": {"id": 2103550, "used": 99.99, "ready": 0.00, "cstp": 0.00, "name": "Ens-Lcore-1",
     "sys": 0.00, "sysoverlap": 0.01, "limited": 0.00, "vmkcall": 0.00, "actnot": 0.00, "migtot": 0, "miginterl3": 0,
     "latencySensitivity": 0, "exclaff": 2, "relations": [], "vectors": [],
     "lcoreusage": 0.00, "pps": 0 },
  "2103551": {"id": 2103551, "used": 99.99, "ready": 0.00, "cstp": 0.00, "name": "Ens-Lcore-2",
     "sys": 0.00, "sysoverlap": 0.02, "limited": 0.00, "vmkcall": 0.00, "actnot": 0.00, "migtot": 0, "miginterl3": 0,
     "latencySensitivity": 0, "exclaff": 6, "relations": [], "vectors": [],
     "lcoreusage": 0.00, "pps": 0 },
  "2103557": {"id": 2103557, "used": 99.99, "ready": 0.00, "cstp": 0.00, "name": "Ens-Lcore-3",
     "sys": 0.00, "sysoverlap": 0.01, "limited": 0.00, "vmkcall": 0.00, "actnot": 0.00, "migtot": 0, "miginterl3": 0,
     "latencySensitivity": 0, "exclaff": 4, "relations": [], "vectors": [],
     "lcoreusage": 0.00, "pps": 0 },
  "2103564": {"id": 2103564, "used": 99.99, "ready": 0.00, "cstp": 0.00, "name": "Ens-Lcore-6",
     "sys": 0.00, "sysoverlap": 0.01, "limited": 0.00, "vmkcall": 0.00, "actnot": 0.00, "migtot": 0, "miginterl3": 0,
     "latencySensitivity": 0, "exclaff": 59, "relations": [], "vectors": [],
     "lcoreusage": 0.00, "pps": 0 },
  "2103565": {"id": 2103565, "used": 99.99, "ready": 0.00, "cstp": 0.00, "name": "Ens-Lcore-7",
     "sys": 0.00, "sysoverlap": 0.01, "limited": 0.00, "vmkcall": 0.00, "actnot": 0.00, "migtot": 0, "miginterl3": 0,
     "latencySensitivity": 0, "exclaff": 50, "relations": [], "vectors": [],
     "lcoreusage": 0.00, "pps": 0 },
  "120242687": {"id": 120242687, "used": 99.99, "ready": 0.00, "cstp": 0.00, "name": "Ens-Lcore-8",
     "sys": 0.00, "sysoverlap": 0.02, "limited": 0.00, "vmkcall": 0.00, "actnot": 0.00, "migtot": 0, "miginterl3": 0,
     "latencySensitivity": 0, "exclaff": 48, "relations": [], "vectors": [],
     "lcoreusage": 0.00, "pps": 0 },
  "120242688": {"id": 120242688, "used": 99.99, "ready": 0.00, "cstp": 0.00, "name": "Ens-Lcore-9",
     "sys": 0.00, "sysoverlap": 0.01, "limited": 0.00, "vmkcall": 0.00, "actnot": 0.00, "migtot": 0, "miginterl3": 0,
     "latencySensitivity": 0, "exclaff": 64, "relations": [], "vectors": [],
     "lcoreusage": 0.00, "pps": 0 },
  "120242714": {"id": 120242714, "used": 0.00, "ready": 0.00, "cstp": 0.00, "name": "vmnic9-0-tx",
     "sys": 0.00, "sysoverlap": 0.00, "limited": 0.00, "vmkcall": 0.00, "actnot": 0.00, "migtot": 0, "miginterl3": 0,
     "latencySensitivity": -6, "exclaff": -1, "relations": [], "vectors": [] },
  "120242744": {"id": 120242744, "used": 0.00, "ready": 0.00, "cstp": 0.00, "name": "vmnic8-0-tx",
     "sys": 0.00, "sysoverlap": 0.00, "limited": 0.00, "vmkcall": 0.00, "actnot": 0.00, "migtot": 0, "miginterl3": 0,
     "latencySensitivity": -6, "exclaff": -1, "relations": [], "vectors": [] },
  "120242772": {"id": 120242772, "used": 0.00, "ready": 0.00, "cstp": 0.00, "name": "vmnic7-0-tx",
     "sys": 0.00, "sysoverlap": 0.00, "limited": 0.00, "vmkcall": 0.00, "actnot": 0.00, "migtot": 0, "miginterl3": 0,
     "latencySensitivity": -6, "exclaff": -1, "relations": [], "vectors": [] },
  "120243068": {"id": 120243068, "used": 0.00, "ready": 0.00, "cstp": 0.00, "name": "vmnic6-0-tx",
     "sys": 0.00, "sysoverlap": 0.00, "limited": 0.00, "vmkcall": 0.00, "actnot": 0.00, "migtot": 0, "miginterl3": 0,
     "latencySensitivity": -6, "exclaff": -1, "relations": [], "vectors": [] } },
"cpu": { "topology": { "core": 2, "llc": 48, "package": 48},
"used": [  4.34,   0.09, 133.13,   0.02, 133.41,   0.02, 133.26,   0.02,   1.09,   0.12,   0.87,   0.13,   0.79,   0.69,   1.29,   0.17, 133.36,   0.02,   0.37,   1.61,   0.54,   0.92,   0.33,   1.22,   0.27,   0.52,   0.18,   0.39,   0.36,   0.50,   0.17,   0.54,   0.42,   0.85,   0.71,   0.38,   0.44,   0.19,   0.14,   0.17,   0.26,   0.50,   0.30,   0.63,   0.83,   0.21,   0.62,   0.69, 133.23,   0.03, 133.23,   0.03,   1.67,   0.77,   0.21,   0.66,   2.46,   2.52,   0.04, 133.29,   1.05,   0.44,   1.36,   0.28, 133.32,   0.03,   2.15,   3.11,   1.26,   0.45,   0.52,   0.42,   1.15,   0.59,   1.44,   0.23,   0.28,   0.24,   3.25,   0.48,   1.13,   0.81,   1.59,   0.47,   0.19,   0.21,   0.86,   0.75,   0.94,   1.03,   0.82,   0.13,   1.30,   0.15,   0.98,   0.13, 1129.75],
"sys": [  0.00,   0.00,   0.00,   0.00,   0.00,   0.00,   0.00,   0.00,   0.00,   0.00,   0.00,   0.00,   0.00,   0.00,   0.00,   0.00,   0.00,   0.00,   0.00,   0.00,   0.00,   0.00,   0.00,   0.00,   0.00,   0.00,   0.00,   0.00,   0.00,   0.00,   0.00,   0.00,   0.00,   0.00,   0.00,   0.00,   0.00,   0.00,   0.00,   0.00,   0.00,   0.00,   0.00,   0.00,   0.00,   0.00,   0.00,   0.00,   0.00,   0.00,   0.00,   0.00,   0.00,   0.00,   0.00,   0.00,   0.00,   0.00,   0.00,   0.00,   0.00,   0.00,   0.00,   0.00,   0.00,   0.00,   0.00,   0.00,   0.00,   0.00,   0.00,   0.00,   0.00,   0.00,   0.00,   0.00,   0.00,   0.00,   0.00,   0.00,   0.00,   0.00,   0.00,   0.00,   0.00,   0.00,   0.00,   0.00,   0.00,   0.00,   0.00,   0.00,   0.00,   0.00,   0.00,   0.00,    0.00],
"vcpu": [  0.00,   0.00,   0.00,   0.00,   0.00,   0.00,   0.00,   0.00,   0.00,   0.00,   0.00,   0.00,   0.00,   0.00,   0.00,   0.00,   0.00,   0.00,   0.00,   0.00,   0.00,   0.00,   0.00,   0.00,   0.00,   0.00,   0.00,   0.00,   0.00,   0.00,   0.00,   0.00,   0.00,   0.00,   0.00,   0.00,   0.00,   0.00,   0.00,   0.00,   0.00,   0.00,   0.00,   0.00,   0.00,   0.00,   0.00,   0.00,   0.00,   0.00,   0.00,   0.00,   0.00,   0.00,   0.00,   0.00,   0.00,   0.00,   0.00,   0.00,   0.00,   0.00,   0.00,   0.00,   0.00,   0.00,   0.00,   0.00,   0.00,   0.00,   0.00,   0.00,   0.00,   0.00,   0.00,   0.00,   0.00,   0.00,   0.00,   0.00,   0.00,   0.00,   0.00,   0.00,   0.00,   0.00,   0.00,   0.00,   0.00,   0.00,   0.00,   0.00,   0.00,   0.00,   0.00,   0.00,    0.00]},

"overhead": {"vcpu": [ "124372859" ] } }
] }
